<?xml version="1.0" encoding="UTF-8"?>
<testng-results skipped="0" failed="0" ignored="0" total="2" passed="2">
  <reporter-output>
  </reporter-output>
  <suite name="Suite" duration-ms="100591" started-at="2023-05-23T10:14:20 EDT" finished-at="2023-05-23T10:16:01 EDT">
    <groups>
    </groups>
    <test name="DataSetup" duration-ms="28041" started-at="2023-05-23T10:14:20 EDT" finished-at="2023-05-23T10:14:48 EDT">
      <class name="tests.e2e.DataSetup">
        <test-method status="PASS" signature="setup()[pri:0, instance:tests.e2e.DataSetup@80503]" name="setup" is-config="true" duration-ms="3379" started-at="2023-05-23T10:14:20 EDT" finished-at="2023-05-23T10:14:24 EDT">
          <reporter-output>
          </reporter-output>
        </test-method> <!-- setup -->
        <test-method status="PASS" signature="TestDataSetup()[pri:0, instance:tests.e2e.DataSetup@80503]" name="TestDataSetup" duration-ms="23817" started-at="2023-05-23T10:14:24 EDT" finished-at="2023-05-23T10:14:47 EDT">
          <reporter-output>
          </reporter-output>
        </test-method> <!-- TestDataSetup -->
        <test-method status="PASS" signature="wrapUp()[pri:0, instance:tests.e2e.DataSetup@80503]" name="wrapUp" is-config="true" duration-ms="660" started-at="2023-05-23T10:14:48 EDT" finished-at="2023-05-23T10:14:48 EDT">
          <reporter-output>
          </reporter-output>
        </test-method> <!-- wrapUp -->
      </class> <!-- tests.e2e.DataSetup -->
    </test> <!-- DataSetup -->
    <test name="DeleteData" duration-ms="72315" started-at="2023-05-23T10:14:48 EDT" finished-at="2023-05-23T10:16:01 EDT">
      <class name="tests.e2e.DeleteData">
        <test-method status="PASS" signature="setup()[pri:0, instance:tests.e2e.DeleteData@42d8062c]" name="setup" is-config="true" duration-ms="1101" started-at="2023-05-23T10:14:48 EDT" finished-at="2023-05-23T10:14:50 EDT">
          <reporter-output>
          </reporter-output>
        </test-method> <!-- setup -->
        <test-method status="PASS" signature="DestroyData()[pri:0, instance:tests.e2e.DeleteData@42d8062c]" name="DestroyData" duration-ms="8520" started-at="2023-05-23T10:14:50 EDT" finished-at="2023-05-23T10:14:58 EDT">
          <reporter-output>
          </reporter-output>
        </test-method> <!-- DestroyData -->
        <test-method status="PASS" signature="wrapUp()[pri:0, instance:tests.e2e.DeleteData@42d8062c]" name="wrapUp" is-config="true" duration-ms="62510" started-at="2023-05-23T10:14:58 EDT" finished-at="2023-05-23T10:16:01 EDT">
          <reporter-output>
          </reporter-output>
        </test-method> <!-- wrapUp -->
        <test-method status="PASS" signature="wrapAllUp(org.testng.ITestContext)[pri:0, instance:tests.e2e.DeleteData@42d8062c]" name="wrapAllUp" is-config="true" duration-ms="2" started-at="2023-05-23T10:17:31 EDT" finished-at="2023-05-23T10:17:31 EDT">
          <params>
            <param index="0">
              <value>
                <![CDATA[org.testng.TestRunner@37364634]]>
              </value>
            </param>
          </params>
          <reporter-output>
          </reporter-output>
        </test-method> <!-- wrapAllUp -->
      </class> <!-- tests.e2e.DeleteData -->
    </test> <!-- DeleteData -->
  </suite> <!-- Suite -->
</testng-results>
