<?xml version="1.0" encoding="UTF-8"?>
<testng-results skipped="0" failed="0" ignored="0" total="2" passed="2">
  <reporter-output>
  </reporter-output>
  <suite name="Suite" duration-ms="34828" started-at="2023-05-18T10:40:39 EDT" finished-at="2023-05-18T10:41:13 EDT">
    <groups>
    </groups>
    <test name="DataSetup" duration-ms="26487" started-at="2023-05-18T10:40:39 EDT" finished-at="2023-05-18T10:41:05 EDT">
      <class name="tests.e2e.DataSetup">
        <test-method status="PASS" signature="setup()[pri:0, instance:tests.e2e.DataSetup@80503]" name="setup" is-config="true" duration-ms="3758" started-at="2023-05-18T10:40:39 EDT" finished-at="2023-05-18T10:40:42 EDT">
          <reporter-output>
          </reporter-output>
        </test-method> <!-- setup -->
        <test-method status="PASS" signature="TestDataSetup()[pri:0, instance:tests.e2e.DataSetup@80503]" name="TestDataSetup" duration-ms="21768" started-at="2023-05-18T10:40:42 EDT" finished-at="2023-05-18T10:41:04 EDT">
          <reporter-output>
          </reporter-output>
        </test-method> <!-- TestDataSetup -->
        <test-method status="PASS" signature="wrapUp()[pri:0, instance:tests.e2e.DataSetup@80503]" name="wrapUp" is-config="true" duration-ms="775" started-at="2023-05-18T10:41:04 EDT" finished-at="2023-05-18T10:41:05 EDT">
          <reporter-output>
          </reporter-output>
        </test-method> <!-- wrapUp -->
      </class> <!-- tests.e2e.DataSetup -->
    </test> <!-- DataSetup -->
    <test name="DeleteData" duration-ms="8085" started-at="2023-05-18T10:41:05 EDT" finished-at="2023-05-18T10:41:13 EDT">
      <class name="tests.e2e.DeleteData">
        <test-method status="PASS" signature="setup()[pri:0, instance:tests.e2e.DeleteData@42d8062c]" name="setup" is-config="true" duration-ms="1053" started-at="2023-05-18T10:41:05 EDT" finished-at="2023-05-18T10:41:06 EDT">
          <reporter-output>
          </reporter-output>
        </test-method> <!-- setup -->
        <test-method status="PASS" signature="DestroyData()[pri:0, instance:tests.e2e.DeleteData@42d8062c]" name="DestroyData" duration-ms="6174" started-at="2023-05-18T10:41:06 EDT" finished-at="2023-05-18T10:41:13 EDT">
          <reporter-output>
          </reporter-output>
        </test-method> <!-- DestroyData -->
        <test-method status="PASS" signature="wrapUp()[pri:0, instance:tests.e2e.DeleteData@42d8062c]" name="wrapUp" is-config="true" duration-ms="710" started-at="2023-05-18T10:41:13 EDT" finished-at="2023-05-18T10:41:13 EDT">
          <reporter-output>
          </reporter-output>
        </test-method> <!-- wrapUp -->
        <test-method status="PASS" signature="wrapAllUp(org.testng.ITestContext)[pri:0, instance:tests.e2e.DeleteData@42d8062c]" name="wrapAllUp" is-config="true" duration-ms="1" started-at="2023-05-18T10:41:14 EDT" finished-at="2023-05-18T10:41:14 EDT">
          <params>
            <param index="0">
              <value>
                <![CDATA[org.testng.TestRunner@5a8b42a3]]>
              </value>
            </param>
          </params>
          <reporter-output>
          </reporter-output>
        </test-method> <!-- wrapAllUp -->
      </class> <!-- tests.e2e.DeleteData -->
    </test> <!-- DeleteData -->
  </suite> <!-- Suite -->
</testng-results>
