<?xml version="1.0" encoding="UTF-8"?>
<testsuite xmlns:xsi="http://www.w3.org/2001/XMLSchema-instance" xsi:schemaLocation="https://maven.apache.org/surefire/maven-surefire-plugin/xsd/surefire-test-report.xsd" name="TestSuite" time="40.813" tests="2" errors="0" skipped="0" failures="1">
  <properties>
[...]
</properties>
  <testcase name="TestDataSetup" classname="tests.e2e.DataSetup" time="24.519">
    <failure message="The following asserts failed:&#10;	Text Assertion Error Text not found close expected [true] but found [false],&#10;	Text Assertion Error Text not found close expected [true] but found [false],&#10;	Text Assertion Error Text not found close expected [true] but found [false]" type="java.lang.AssertionError">java.lang.AssertionError: 
The following asserts failed:
	Text Assertion Error Text not found close expected [true] but found [false],
	Text Assertion Error Text not found close expected [true] but found [false],
	Text Assertion Error Text not found close expected [true] but found [false]
	at tests.e2e.DataSetup.TestDataSetup(DataSetup.java:54)
</failure>
    <system-out><![CDATA[Username & Password=mscoding24AutomationDemo24
e2e/SubTest001
Total Rows=3
Client628e41ca-23-5-2023
Cliente8a67f54-23-5-2023
Clienta67b6293-23-5-2023
Tags=bike lost
complaint against bike lost
Text Assertion Error Text not found close
Tags=car lost
complaint against car lost
Text Assertion Error Text not found close
Tags=cooking
Learn Cooking classes
Text Assertion Error Text not found close
]]></system-out>
    <system-err><![CDATA[SLF4J: Failed to load class "org.slf4j.impl.StaticLoggerBinder".
SLF4J: Defaulting to no-operation (NOP) logger implementation
SLF4J: See http://www.slf4j.org/codes.html#StaticLoggerBinder for further details.
Starting ChromeDriver 113.0.5672.63 (0e1a4471d5ae5bf128b1bd8f4d627c8cbd55f70c-refs/branch-heads/5672@{#912}) on port 61723
Only local connections are allowed.
Please see https://chromedriver.chromium.org/security-considerations for suggestions on keeping ChromeDriver safe.
ChromeDriver was started successfully.
May 23, 2023 10:12:49 AM org.openqa.selenium.remote.ProtocolHandshake createSession
INFO: Detected upstream dialect: W3C
May 23, 2023 10:12:49 AM org.openqa.selenium.devtools.CdpVersionFinder findNearestMatch
WARNING: Unable to find an exact match for CDP version 113, so returning the closest version found: a no-op implementation
May 23, 2023 10:12:49 AM org.openqa.selenium.devtools.CdpVersionFinder findNearestMatch
INFO: Unable to find CDP implementation matching 113.
May 23, 2023 10:12:49 AM org.openqa.selenium.chromium.ChromiumDriver lambda$new$3
WARNING: Unable to find version of CDP to use for . You may need to include a dependency on a specific version of the CDP using something similar to `org.seleniumhq.selenium:selenium-devtools-v86:4.4.0` where the version ("v86") matches the version of the chromium-based browser you're using and the version number of the artifact is the same as Selenium's.
]]></system-err>
  </testcase>
  <testcase name="DestroyData" classname="tests.e2e.DeleteData" time="9.011"/>
</testsuite>