<?xml version="1.0" encoding="UTF-8"?>
<testng-results skipped="0" failed="0" ignored="0" total="2" passed="2">
  <reporter-output>
  </reporter-output>
  <suite name="Suite" duration-ms="32941" started-at="2023-05-14T18:13:01 EDT" finished-at="2023-05-14T18:13:34 EDT">
    <groups>
    </groups>
    <test name="DataSetup" duration-ms="24653" started-at="2023-05-14T18:13:01 EDT" finished-at="2023-05-14T18:13:26 EDT">
      <class name="tests.e2e.DataSetup">
        <test-method status="PASS" signature="setup()[pri:0, instance:tests.e2e.DataSetup@7a36aefa]" name="setup" is-config="true" duration-ms="3241" started-at="2023-05-14T18:13:01 EDT" finished-at="2023-05-14T18:13:05 EDT">
          <reporter-output>
          </reporter-output>
        </test-method> <!-- setup -->
        <test-method status="PASS" signature="TestDataSetup()[pri:0, instance:tests.e2e.DataSetup@7a36aefa]" name="TestDataSetup" duration-ms="20610" started-at="2023-05-14T18:13:05 EDT" finished-at="2023-05-14T18:13:25 EDT">
          <reporter-output>
          </reporter-output>
        </test-method> <!-- TestDataSetup -->
        <test-method status="PASS" signature="wrapUp()[pri:0, instance:tests.e2e.DataSetup@7a36aefa]" name="wrapUp" is-config="true" duration-ms="667" started-at="2023-05-14T18:13:25 EDT" finished-at="2023-05-14T18:13:26 EDT">
          <reporter-output>
          </reporter-output>
        </test-method> <!-- wrapUp -->
      </class> <!-- tests.e2e.DataSetup -->
    </test> <!-- DataSetup -->
    <test name="DeleteData" duration-ms="8046" started-at="2023-05-14T18:13:26 EDT" finished-at="2023-05-14T18:13:34 EDT">
      <class name="tests.e2e.DeleteData">
        <test-method status="PASS" signature="setup()[pri:0, instance:tests.e2e.DeleteData@1e4a7dd4]" name="setup" is-config="true" duration-ms="1058" started-at="2023-05-14T18:13:26 EDT" finished-at="2023-05-14T18:13:27 EDT">
          <reporter-output>
          </reporter-output>
        </test-method> <!-- setup -->
        <test-method status="PASS" signature="DestroyData()[pri:0, instance:tests.e2e.DeleteData@1e4a7dd4]" name="DestroyData" duration-ms="6063" started-at="2023-05-14T18:13:27 EDT" finished-at="2023-05-14T18:13:33 EDT">
          <reporter-output>
          </reporter-output>
        </test-method> <!-- DestroyData -->
        <test-method status="PASS" signature="wrapUp()[pri:0, instance:tests.e2e.DeleteData@1e4a7dd4]" name="wrapUp" is-config="true" duration-ms="713" started-at="2023-05-14T18:13:33 EDT" finished-at="2023-05-14T18:13:34 EDT">
          <reporter-output>
          </reporter-output>
        </test-method> <!-- wrapUp -->
        <test-method status="PASS" signature="wrapAllUp(org.testng.ITestContext)[pri:0, instance:tests.e2e.DeleteData@1e4a7dd4]" name="wrapAllUp" is-config="true" duration-ms="2" started-at="2023-05-14T18:13:34 EDT" finished-at="2023-05-14T18:13:34 EDT">
          <params>
            <param index="0">
              <value>
                <![CDATA[org.testng.TestRunner@5d0e703a]]>
              </value>
            </param>
          </params>
          <reporter-output>
          </reporter-output>
        </test-method> <!-- wrapAllUp -->
      </class> <!-- tests.e2e.DeleteData -->
    </test> <!-- DeleteData -->
  </suite> <!-- Suite -->
</testng-results>
